<?xml version="1.0" ?>
<coverage branch-rate="0" line-rate="0.8512" timestamp="1507634813568" version="4.3.4">
	<!-- Generated by coverage.py: https://coverage.readthedocs.io -->
	<!-- Based on https://raw.githubusercontent.com/cobertura/web/f0366e5e2cf18f111cbd61fc34ef720a6584ba02/htdocs/xml/coverage-03.dtd -->
	<sources>
		<source>Z:\research\socialsims</source>
	</sources>
	<packages>
		<package branch-rate="0" complexity="0" line-rate="0.7069" name=".">
			<classes>
				<class branch-rate="0" complexity="0" filename="__init__.py" line-rate="1" name="__init__.py">
					<methods/>
					<lines/>
				</class>
				<class branch-rate="0" complexity="0" filename="agent.py" line-rate="0.9744" name="agent.py">
					<methods/>
					<lines>
						<line hits="1" number="1"/>
						<line hits="1" number="4"/>
						<line hits="1" number="5"/>
						<line hits="1" number="6"/>
						<line hits="1" number="9"/>
						<line hits="1" number="10"/>
						<line hits="1" number="11"/>
						<line hits="1" number="12"/>
						<line hits="1" number="13"/>
						<line hits="1" number="14"/>
						<line hits="1" number="56"/>
						<line hits="1" number="57"/>
						<line hits="1" number="58"/>
						<line hits="1" number="60"/>
						<line hits="1" number="61"/>
						<line hits="1" number="62"/>
						<line hits="1" number="64"/>
						<line hits="1" number="65"/>
						<line hits="0" number="66"/>
						<line hits="1" number="67"/>
						<line hits="1" number="68"/>
						<line hits="1" number="69"/>
						<line hits="1" number="70"/>
						<line hits="1" number="71"/>
						<line hits="1" number="72"/>
						<line hits="1" number="73"/>
						<line hits="1" number="74"/>
						<line hits="1" number="75"/>
						<line hits="1" number="76"/>
						<line hits="1" number="77"/>
						<line hits="1" number="78"/>
						<line hits="1" number="79"/>
						<line hits="1" number="82"/>
						<line hits="1" number="83"/>
						<line hits="1" number="85"/>
						<line hits="1" number="86"/>
						<line hits="1" number="87"/>
						<line hits="1" number="88"/>
						<line hits="1" number="89"/>
					</lines>
				</class>
				<class branch-rate="0" complexity="0" filename="cell.py" line-rate="0.7879" name="cell.py">
					<methods/>
					<lines>
						<line hits="1" number="1"/>
						<line hits="1" number="4"/>
						<line hits="1" number="5"/>
						<line hits="1" number="6"/>
						<line hits="1" number="8"/>
						<line hits="1" number="9"/>
						<line hits="1" number="10"/>
						<line hits="1" number="14"/>
						<line hits="1" number="15"/>
						<line hits="1" number="16"/>
						<line hits="1" number="17"/>
						<line hits="0" number="18"/>
						<line hits="1" number="20"/>
						<line hits="1" number="21"/>
						<line hits="1" number="22"/>
						<line hits="1" number="23"/>
						<line hits="1" number="24"/>
						<line hits="1" number="26"/>
						<line hits="0" number="27"/>
						<line hits="0" number="28"/>
						<line hits="0" number="30"/>
						<line hits="1" number="45"/>
						<line hits="1" number="46"/>
						<line hits="1" number="48"/>
						<line hits="0" number="49"/>
						<line hits="0" number="50"/>
						<line hits="0" number="52"/>
						<line hits="1" number="54"/>
						<line hits="1" number="55"/>
						<line hits="1" number="56"/>
						<line hits="1" number="58"/>
						<line hits="1" number="60"/>
						<line hits="1" number="61"/>
					</lines>
				</class>
				<class branch-rate="0" complexity="0" filename="displays.py" line-rate="1" name="displays.py">
					<methods/>
					<lines>
						<line hits="1" number="1"/>
						<line hits="1" number="2"/>
						<line hits="1" number="3"/>
						<line hits="1" number="4"/>
					</lines>
				</class>
				<class branch-rate="0" complexity="0" filename="environment.py" line-rate="0.8158" name="environment.py">
					<methods/>
					<lines>
						<line hits="1" number="1"/>
						<line hits="1" number="2"/>
						<line hits="1" number="5"/>
						<line hits="1" number="6"/>
						<line hits="1" number="7"/>
						<line hits="1" number="8"/>
						<line hits="1" number="9"/>
						<line hits="1" number="10"/>
						<line hits="1" number="12"/>
						<line hits="0" number="13"/>
						<line hits="0" number="14"/>
						<line hits="1" number="16"/>
						<line hits="1" number="17"/>
						<line hits="1" number="18"/>
						<line hits="1" number="19"/>
						<line hits="1" number="20"/>
						<line hits="1" number="21"/>
						<line hits="1" number="22"/>
						<line hits="1" number="24"/>
						<line hits="1" number="25"/>
						<line hits="1" number="27"/>
						<line hits="0" number="29"/>
						<line hits="0" number="30"/>
						<line hits="1" number="32"/>
						<line hits="1" number="33"/>
						<line hits="1" number="34"/>
						<line hits="1" number="35"/>
						<line hits="1" number="36"/>
						<line hits="1" number="37"/>
						<line hits="1" number="38"/>
						<line hits="1" number="40"/>
						<line hits="1" number="41"/>
						<line hits="0" number="42"/>
						<line hits="1" number="43"/>
						<line hits="0" number="44"/>
						<line hits="1" number="46"/>
						<line hits="1" number="48"/>
						<line hits="0" number="49"/>
					</lines>
				</class>
				<class branch-rate="0" complexity="0" filename="portal.py" line-rate="0" name="portal.py">
					<methods/>
					<lines>
						<line hits="0" number="1"/>
						<line hits="0" number="2"/>
						<line hits="0" number="3"/>
						<line hits="0" number="4"/>
						<line hits="0" number="5"/>
						<line hits="0" number="8"/>
						<line hits="0" number="11"/>
						<line hits="0" number="12"/>
						<line hits="0" number="15"/>
						<line hits="0" number="17"/>
						<line hits="0" number="19"/>
						<line hits="0" number="20"/>
						<line hits="0" number="22"/>
						<line hits="0" number="23"/>
						<line hits="0" number="25"/>
						<line hits="0" number="26"/>
						<line hits="0" number="27"/>
						<line hits="0" number="29"/>
						<line hits="0" number="30"/>
						<line hits="0" number="32"/>
					</lines>
				</class>
				<class branch-rate="0" complexity="0" filename="qlearn.py" line-rate="0.6667" name="qlearn.py">
					<methods/>
					<lines>
						<line hits="1" number="1"/>
						<line hits="1" number="2"/>
						<line hits="1" number="3"/>
						<line hits="1" number="6"/>
						<line hits="1" number="7"/>
						<line hits="1" number="9"/>
						<line hits="1" number="12"/>
						<line hits="1" number="14"/>
						<line hits="1" number="18"/>
						<line hits="1" number="19"/>
						<line hits="1" number="20"/>
						<line hits="1" number="21"/>
						<line hits="1" number="23"/>
						<line hits="1" number="25"/>
						<line hits="1" number="26"/>
						<line hits="1" number="27"/>
						<line hits="1" number="28"/>
						<line hits="1" number="30"/>
						<line hits="1" number="31"/>
						<line hits="1" number="33"/>
						<line hits="1" number="38"/>
						<line hits="1" number="39"/>
						<line hits="1" number="40"/>
						<line hits="1" number="42"/>
						<line hits="1" number="44"/>
						<line hits="1" number="46"/>
						<line hits="1" number="102"/>
						<line hits="1" number="103"/>
						<line hits="1" number="107"/>
						<line hits="1" number="108"/>
						<line hits="1" number="109"/>
						<line hits="1" number="112"/>
						<line hits="1" number="113"/>
						<line hits="1" number="114"/>
						<line hits="1" number="115"/>
						<line hits="1" number="117"/>
						<line hits="1" number="118"/>
						<line hits="1" number="119"/>
						<line hits="1" number="122"/>
						<line hits="1" number="124"/>
						<line hits="0" number="125"/>
						<line hits="0" number="126"/>
						<line hits="0" number="127"/>
						<line hits="0" number="129"/>
						<line hits="0" number="130"/>
						<line hits="0" number="134"/>
						<line hits="0" number="135"/>
						<line hits="0" number="136"/>
						<line hits="0" number="140"/>
						<line hits="0" number="142"/>
						<line hits="0" number="143"/>
						<line hits="1" number="146"/>
						<line hits="1" number="147"/>
						<line hits="1" number="149"/>
						<line hits="1" number="150"/>
						<line hits="1" number="153"/>
						<line hits="1" number="154"/>
						<line hits="1" number="155"/>
						<line hits="1" number="157"/>
						<line hits="1" number="158"/>
						<line hits="1" number="161"/>
						<line hits="0" number="164"/>
						<line hits="0" number="165"/>
						<line hits="0" number="166"/>
						<line hits="0" number="168"/>
						<line hits="0" number="170"/>
						<line hits="0" number="171"/>
						<line hits="0" number="173"/>
						<line hits="0" number="177"/>
						<line hits="0" number="181"/>
						<line hits="0" number="182"/>
						<line hits="0" number="183"/>
						<line hits="0" number="186"/>
						<line hits="0" number="188"/>
						<line hits="0" number="190"/>
						<line hits="0" number="191"/>
						<line hits="0" number="194"/>
						<line hits="0" number="195"/>
						<line hits="1" number="197"/>
						<line hits="1" number="198"/>
						<line hits="1" number="199"/>
						<line hits="1" number="203"/>
						<line hits="0" number="204"/>
						<line hits="1" number="206"/>
						<line hits="1" number="213"/>
						<line hits="1" number="214"/>
						<line hits="1" number="215"/>
						<line hits="1" number="216"/>
						<line hits="1" number="217"/>
						<line hits="1" number="218"/>
						<line hits="1" number="219"/>
						<line hits="1" number="220"/>
						<line hits="1" number="221"/>
						<line hits="1" number="222"/>
						<line hits="1" number="225"/>
						<line hits="0" number="226"/>
						<line hits="0" number="227"/>
						<line hits="0" number="228"/>
						<line hits="0" number="230"/>
					</lines>
				</class>
				<class branch-rate="0" complexity="0" filename="world.py" line-rate="0.7041" name="world.py">
					<methods/>
					<lines>
						<line hits="1" number="1"/>
						<line hits="1" number="4"/>
						<line hits="1" number="5"/>
						<line hits="1" number="6"/>
						<line hits="1" number="7"/>
						<line hits="1" number="9"/>
						<line hits="1" number="10"/>
						<line hits="1" number="12"/>
						<line hits="1" number="13"/>
						<line hits="1" number="14"/>
						<line hits="1" number="16"/>
						<line hits="1" number="17"/>
						<line hits="1" number="19"/>
						<line hits="1" number="20"/>
						<line hits="1" number="21"/>
						<line hits="1" number="22"/>
						<line hits="1" number="24"/>
						<line hits="1" number="26"/>
						<line hits="1" number="28"/>
						<line hits="0" number="29"/>
						<line hits="1" number="31"/>
						<line hits="1" number="32"/>
						<line hits="0" number="33"/>
						<line hits="1" number="35"/>
						<line hits="1" number="36"/>
						<line hits="1" number="37"/>
						<line hits="1" number="39"/>
						<line hits="1" number="40"/>
						<line hits="1" number="41"/>
						<line hits="1" number="42"/>
						<line hits="1" number="44"/>
						<line hits="1" number="45"/>
						<line hits="1" number="47"/>
						<line hits="1" number="48"/>
						<line hits="1" number="50"/>
						<line hits="1" number="53"/>
						<line hits="1" number="54"/>
						<line hits="1" number="56"/>
						<line hits="1" number="57"/>
						<line hits="0" number="58"/>
						<line hits="1" number="61"/>
						<line hits="1" number="62"/>
						<line hits="1" number="63"/>
						<line hits="1" number="65"/>
						<line hits="1" number="67"/>
						<line hits="0" number="68"/>
						<line hits="0" number="69"/>
						<line hits="0" number="70"/>
						<line hits="0" number="71"/>
						<line hits="0" number="72"/>
						<line hits="0" number="73"/>
						<line hits="0" number="74"/>
						<line hits="0" number="76"/>
						<line hits="0" number="77"/>
						<line hits="0" number="78"/>
						<line hits="0" number="80"/>
						<line hits="1" number="82"/>
						<line hits="1" number="83"/>
						<line hits="1" number="84"/>
						<line hits="1" number="85"/>
						<line hits="1" number="86"/>
						<line hits="1" number="87"/>
						<line hits="1" number="89"/>
						<line hits="1" number="90"/>
						<line hits="1" number="92"/>
						<line hits="1" number="93"/>
						<line hits="1" number="95"/>
						<line hits="1" number="96"/>
						<line hits="1" number="97"/>
						<line hits="0" number="99"/>
						<line hits="0" number="100"/>
						<line hits="0" number="101"/>
						<line hits="0" number="102"/>
						<line hits="0" number="103"/>
						<line hits="0" number="106"/>
						<line hits="1" number="109"/>
						<line hits="1" number="110"/>
						<line hits="1" number="112"/>
						<line hits="0" number="113"/>
						<line hits="1" number="114"/>
						<line hits="0" number="115"/>
						<line hits="1" number="116"/>
						<line hits="0" number="117"/>
						<line hits="1" number="118"/>
						<line hits="0" number="119"/>
						<line hits="1" number="121"/>
						<line hits="1" number="123"/>
						<line hits="1" number="124"/>
						<line hits="1" number="126"/>
						<line hits="1" number="127"/>
						<line hits="1" number="129"/>
						<line hits="1" number="130"/>
						<line hits="1" number="132"/>
						<line hits="0" number="133"/>
						<line hits="0" number="134"/>
						<line hits="0" number="135"/>
						<line hits="0" number="136"/>
						<line hits="0" number="137"/>
					</lines>
				</class>
			</classes>
		</package>
		<package branch-rate="0" complexity="0" line-rate="1" name="sims">
			<classes>
				<class branch-rate="0" complexity="0" filename="sims/__init__.py" line-rate="1" name="__init__.py">
					<methods/>
					<lines/>
				</class>
				<class branch-rate="0" complexity="0" filename="sims/utils.py" line-rate="1" name="utils.py">
					<methods/>
					<lines>
						<line hits="1" number="1"/>
						<line hits="1" number="2"/>
						<line hits="1" number="9"/>
						<line hits="1" number="10"/>
						<line hits="1" number="11"/>
						<line hits="1" number="12"/>
						<line hits="1" number="13"/>
					</lines>
				</class>
			</classes>
		</package>
		<package branch-rate="0" complexity="0" line-rate="0.9255" name="sims.cat_mouse">
			<classes>
				<class branch-rate="0" complexity="0" filename="sims/cat_mouse/__init__.py" line-rate="1" name="__init__.py">
					<methods/>
					<lines/>
				</class>
				<class branch-rate="0" complexity="0" filename="sims/cat_mouse/cat_mouse.py" line-rate="0.9255" name="cat_mouse.py">
					<methods/>
					<lines>
						<line hits="1" number="1"/>
						<line hits="1" number="2"/>
						<line hits="1" number="4"/>
						<line hits="1" number="6"/>
						<line hits="1" number="7"/>
						<line hits="1" number="8"/>
						<line hits="1" number="9"/>
						<line hits="1" number="10"/>
						<line hits="1" number="11"/>
						<line hits="1" number="13"/>
						<line hits="1" number="14"/>
						<line hits="1" number="16"/>
						<line hits="1" number="19"/>
						<line hits="1" number="20"/>
						<line hits="1" number="21"/>
						<line hits="1" number="23"/>
						<line hits="1" number="24"/>
						<line hits="1" number="25"/>
						<line hits="1" number="27"/>
						<line hits="1" number="28"/>
						<line hits="1" number="30"/>
						<line hits="1" number="31"/>
						<line hits="1" number="33"/>
						<line hits="1" number="34"/>
						<line hits="1" number="35"/>
						<line hits="1" number="37"/>
						<line hits="1" number="38"/>
						<line hits="1" number="39"/>
						<line hits="1" number="40"/>
						<line hits="1" number="42"/>
						<line hits="1" number="43"/>
						<line hits="1" number="48"/>
						<line hits="1" number="50"/>
						<line hits="1" number="51"/>
						<line hits="1" number="52"/>
						<line hits="1" number="54"/>
						<line hits="1" number="57"/>
						<line hits="1" number="58"/>
						<line hits="1" number="59"/>
						<line hits="1" number="61"/>
						<line hits="1" number="65"/>
						<line hits="1" number="67"/>
						<line hits="1" number="68"/>
						<line hits="1" number="71"/>
						<line hits="1" number="73"/>
						<line hits="0" number="74"/>
						<line hits="1" number="77"/>
						<line hits="1" number="78"/>
						<line hits="1" number="80"/>
						<line hits="1" number="83"/>
						<line hits="1" number="84"/>
						<line hits="1" number="85"/>
						<line hits="1" number="86"/>
						<line hits="1" number="87"/>
						<line hits="1" number="88"/>
						<line hits="1" number="90"/>
						<line hits="1" number="91"/>
						<line hits="1" number="92"/>
						<line hits="1" number="93"/>
						<line hits="1" number="97"/>
						<line hits="1" number="98"/>
						<line hits="1" number="99"/>
						<line hits="1" number="100"/>
						<line hits="1" number="101"/>
						<line hits="1" number="103"/>
						<line hits="1" number="105"/>
						<line hits="1" number="106"/>
						<line hits="1" number="108"/>
						<line hits="1" number="111"/>
						<line hits="1" number="112"/>
						<line hits="1" number="114"/>
						<line hits="1" number="115"/>
						<line hits="1" number="117"/>
						<line hits="1" number="118"/>
						<line hits="1" number="119"/>
						<line hits="1" number="121"/>
						<line hits="1" number="122"/>
						<line hits="1" number="124"/>
						<line hits="1" number="125"/>
						<line hits="1" number="126"/>
						<line hits="1" number="127"/>
						<line hits="1" number="129"/>
						<line hits="1" number="130"/>
						<line hits="1" number="132"/>
						<line hits="1" number="133"/>
						<line hits="1" number="134"/>
						<line hits="1" number="136"/>
						<line hits="0" number="137"/>
						<line hits="0" number="138"/>
						<line hits="0" number="139"/>
						<line hits="0" number="140"/>
						<line hits="0" number="142"/>
						<line hits="0" number="143"/>
						<line hits="1" number="145"/>
					</lines>
				</class>
				<class branch-rate="0" complexity="0" filename="sims/cat_mouse/data_analyzer.py" line-rate="1" name="data_analyzer.py">
					<methods/>
					<lines/>
				</class>
				<class branch-rate="0" complexity="0" filename="sims/cat_mouse/data_visualizer.py" line-rate="1" name="data_visualizer.py">
					<methods/>
					<lines/>
				</class>
			</classes>
		</package>
		<package branch-rate="0" complexity="0" line-rate="0.9593" name="sims.cat_mouse_cheese">
			<classes>
				<class branch-rate="0" complexity="0" filename="sims/cat_mouse_cheese/__init__.py" line-rate="1" name="__init__.py">
					<methods/>
					<lines/>
				</class>
				<class branch-rate="0" complexity="0" filename="sims/cat_mouse_cheese/cat_mouse_cheese.py" line-rate="0.9593" name="cat_mouse_cheese.py">
					<methods/>
					<lines>
						<line hits="1" number="1"/>
						<line hits="1" number="2"/>
						<line hits="1" number="3"/>
						<line hits="1" number="5"/>
						<line hits="1" number="7"/>
						<line hits="1" number="8"/>
						<line hits="1" number="9"/>
						<line hits="1" number="10"/>
						<line hits="1" number="11"/>
						<line hits="1" number="12"/>
						<line hits="1" number="14"/>
						<line hits="1" number="15"/>
						<line hits="1" number="17"/>
						<line hits="1" number="18"/>
						<line hits="1" number="21"/>
						<line hits="1" number="22"/>
						<line hits="1" number="23"/>
						<line hits="1" number="24"/>
						<line hits="1" number="26"/>
						<line hits="1" number="27"/>
						<line hits="1" number="28"/>
						<line hits="1" number="30"/>
						<line hits="1" number="31"/>
						<line hits="1" number="33"/>
						<line hits="1" number="34"/>
						<line hits="1" number="36"/>
						<line hits="1" number="38"/>
						<line hits="1" number="39"/>
						<line hits="1" number="40"/>
						<line hits="1" number="41"/>
						<line hits="1" number="42"/>
						<line hits="1" number="44"/>
						<line hits="1" number="45"/>
						<line hits="1" number="46"/>
						<line hits="1" number="48"/>
						<line hits="1" number="49"/>
						<line hits="1" number="50"/>
						<line hits="1" number="51"/>
						<line hits="1" number="52"/>
						<line hits="1" number="57"/>
						<line hits="1" number="58"/>
						<line hits="1" number="59"/>
						<line hits="1" number="61"/>
						<line hits="0" number="62"/>
						<line hits="0" number="63"/>
						<line hits="0" number="64"/>
						<line hits="1" number="66"/>
						<line hits="1" number="67"/>
						<line hits="1" number="72"/>
						<line hits="1" number="73"/>
						<line hits="1" number="75"/>
						<line hits="1" number="76"/>
						<line hits="1" number="78"/>
						<line hits="1" number="80"/>
						<line hits="1" number="81"/>
						<line hits="1" number="82"/>
						<line hits="1" number="84"/>
						<line hits="1" number="85"/>
						<line hits="1" number="87"/>
						<line hits="1" number="88"/>
						<line hits="1" number="90"/>
						<line hits="1" number="91"/>
						<line hits="1" number="92"/>
						<line hits="1" number="94"/>
						<line hits="1" number="96"/>
						<line hits="1" number="102"/>
						<line hits="1" number="103"/>
						<line hits="1" number="106"/>
						<line hits="1" number="109"/>
						<line hits="1" number="110"/>
						<line hits="1" number="112"/>
						<line hits="1" number="113"/>
						<line hits="1" number="114"/>
						<line hits="1" number="115"/>
						<line hits="1" number="116"/>
						<line hits="1" number="117"/>
						<line hits="1" number="120"/>
						<line hits="1" number="121"/>
						<line hits="1" number="123"/>
						<line hits="1" number="126"/>
						<line hits="1" number="127"/>
						<line hits="1" number="128"/>
						<line hits="1" number="129"/>
						<line hits="1" number="130"/>
						<line hits="1" number="131"/>
						<line hits="1" number="133"/>
						<line hits="1" number="134"/>
						<line hits="1" number="135"/>
						<line hits="1" number="137"/>
						<line hits="1" number="138"/>
						<line hits="1" number="139"/>
						<line hits="1" number="140"/>
						<line hits="1" number="144"/>
						<line hits="1" number="145"/>
						<line hits="1" number="146"/>
						<line hits="1" number="147"/>
						<line hits="1" number="149"/>
						<line hits="1" number="150"/>
						<line hits="1" number="151"/>
						<line hits="1" number="153"/>
						<line hits="1" number="154"/>
						<line hits="1" number="156"/>
						<line hits="1" number="159"/>
						<line hits="1" number="160"/>
						<line hits="1" number="162"/>
						<line hits="1" number="163"/>
						<line hits="1" number="165"/>
						<line hits="1" number="166"/>
						<line hits="1" number="167"/>
						<line hits="1" number="169"/>
						<line hits="1" number="170"/>
						<line hits="1" number="172"/>
						<line hits="1" number="173"/>
						<line hits="1" number="174"/>
						<line hits="1" number="175"/>
						<line hits="1" number="177"/>
						<line hits="1" number="178"/>
						<line hits="1" number="180"/>
						<line hits="1" number="181"/>
						<line hits="1" number="183"/>
						<line hits="0" number="184"/>
						<line hits="0" number="186"/>
						<line hits="1" number="188"/>
					</lines>
				</class>
			</classes>
		</package>
		<package branch-rate="0" complexity="0" line-rate="0.9667" name="sims.migration">
			<classes>
				<class branch-rate="0" complexity="0" filename="sims/migration/__init__.py" line-rate="1" name="__init__.py">
					<methods/>
					<lines/>
				</class>
				<class branch-rate="0" complexity="0" filename="sims/migration/migration.py" line-rate="0.9667" name="migration.py">
					<methods/>
					<lines>
						<line hits="1" number="1"/>
						<line hits="1" number="2"/>
						<line hits="1" number="3"/>
						<line hits="1" number="4"/>
						<line hits="1" number="6"/>
						<line hits="1" number="8"/>
						<line hits="1" number="9"/>
						<line hits="1" number="10"/>
						<line hits="1" number="11"/>
						<line hits="1" number="12"/>
						<line hits="1" number="13"/>
						<line hits="1" number="15"/>
						<line hits="1" number="16"/>
						<line hits="1" number="18"/>
						<line hits="1" number="19"/>
						<line hits="1" number="22"/>
						<line hits="1" number="23"/>
						<line hits="1" number="24"/>
						<line hits="1" number="25"/>
						<line hits="1" number="27"/>
						<line hits="1" number="28"/>
						<line hits="1" number="29"/>
						<line hits="1" number="31"/>
						<line hits="1" number="32"/>
						<line hits="1" number="34"/>
						<line hits="1" number="35"/>
						<line hits="1" number="37"/>
						<line hits="1" number="39"/>
						<line hits="1" number="40"/>
						<line hits="1" number="41"/>
						<line hits="1" number="42"/>
						<line hits="1" number="43"/>
						<line hits="1" number="45"/>
						<line hits="1" number="46"/>
						<line hits="1" number="47"/>
						<line hits="1" number="49"/>
						<line hits="1" number="50"/>
						<line hits="1" number="51"/>
						<line hits="1" number="52"/>
						<line hits="1" number="53"/>
						<line hits="1" number="58"/>
						<line hits="1" number="59"/>
						<line hits="1" number="60"/>
						<line hits="1" number="62"/>
						<line hits="0" number="63"/>
						<line hits="0" number="64"/>
						<line hits="0" number="65"/>
						<line hits="1" number="67"/>
						<line hits="1" number="68"/>
						<line hits="1" number="73"/>
						<line hits="1" number="74"/>
						<line hits="1" number="76"/>
						<line hits="1" number="77"/>
						<line hits="1" number="79"/>
						<line hits="1" number="81"/>
						<line hits="1" number="82"/>
						<line hits="1" number="83"/>
						<line hits="1" number="85"/>
						<line hits="1" number="86"/>
						<line hits="1" number="88"/>
						<line hits="1" number="89"/>
						<line hits="1" number="90"/>
						<line hits="1" number="92"/>
						<line hits="1" number="94"/>
						<line hits="1" number="95"/>
						<line hits="1" number="97"/>
						<line hits="1" number="103"/>
						<line hits="1" number="104"/>
						<line hits="1" number="107"/>
						<line hits="1" number="108"/>
						<line hits="1" number="112"/>
						<line hits="1" number="113"/>
						<line hits="1" number="115"/>
						<line hits="1" number="116"/>
						<line hits="1" number="117"/>
						<line hits="1" number="118"/>
						<line hits="1" number="119"/>
						<line hits="1" number="120"/>
						<line hits="0" number="121"/>
						<line hits="1" number="123"/>
						<line hits="1" number="124"/>
						<line hits="1" number="125"/>
						<line hits="1" number="126"/>
						<line hits="1" number="128"/>
						<line hits="1" number="129"/>
						<line hits="1" number="131"/>
						<line hits="1" number="132"/>
						<line hits="1" number="133"/>
						<line hits="1" number="134"/>
						<line hits="1" number="136"/>
						<line hits="1" number="137"/>
						<line hits="1" number="138"/>
						<line hits="1" number="140"/>
						<line hits="1" number="143"/>
						<line hits="1" number="144"/>
						<line hits="1" number="146"/>
						<line hits="1" number="149"/>
						<line hits="1" number="150"/>
						<line hits="1" number="151"/>
						<line hits="1" number="152"/>
						<line hits="1" number="153"/>
						<line hits="1" number="155"/>
						<line hits="1" number="156"/>
						<line hits="1" number="157"/>
						<line hits="1" number="159"/>
						<line hits="1" number="160"/>
						<line hits="1" number="161"/>
						<line hits="1" number="162"/>
						<line hits="1" number="166"/>
						<line hits="1" number="167"/>
						<line hits="1" number="168"/>
						<line hits="1" number="169"/>
						<line hits="1" number="172"/>
						<line hits="1" number="173"/>
						<line hits="1" number="175"/>
						<line hits="1" number="178"/>
						<line hits="1" number="179"/>
						<line hits="1" number="181"/>
						<line hits="1" number="183"/>
						<line hits="1" number="184"/>
					</lines>
				</class>
			</classes>
		</package>
		<package branch-rate="0" complexity="0" line-rate="0.9467" name="sims.route_choice">
			<classes>
				<class branch-rate="0" complexity="0" filename="sims/route_choice/__init__.py" line-rate="1" name="__init__.py">
					<methods/>
					<lines/>
				</class>
				<class branch-rate="0" complexity="0" filename="sims/route_choice/data_visualizer.py" line-rate="1" name="data_visualizer.py">
					<methods/>
					<lines/>
				</class>
				<class branch-rate="0" complexity="0" filename="sims/route_choice/route_choice.py" line-rate="0.9467" name="route_choice.py">
					<methods/>
					<lines>
						<line hits="1" number="1"/>
						<line hits="1" number="3"/>
						<line hits="1" number="5"/>
						<line hits="1" number="6"/>
						<line hits="1" number="8"/>
						<line hits="1" number="9"/>
						<line hits="1" number="12"/>
						<line hits="1" number="13"/>
						<line hits="1" number="15"/>
						<line hits="1" number="16"/>
						<line hits="1" number="17"/>
						<line hits="1" number="18"/>
						<line hits="1" number="20"/>
						<line hits="1" number="21"/>
						<line hits="1" number="23"/>
						<line hits="1" number="24"/>
						<line hits="1" number="27"/>
						<line hits="1" number="28"/>
						<line hits="1" number="29"/>
						<line hits="1" number="31"/>
						<line hits="1" number="32"/>
						<line hits="1" number="33"/>
						<line hits="1" number="35"/>
						<line hits="1" number="36"/>
						<line hits="1" number="37"/>
						<line hits="1" number="39"/>
						<line hits="1" number="43"/>
						<line hits="1" number="44"/>
						<line hits="1" number="46"/>
						<line hits="1" number="47"/>
						<line hits="1" number="49"/>
						<line hits="1" number="50"/>
						<line hits="1" number="52"/>
						<line hits="1" number="53"/>
						<line hits="1" number="55"/>
						<line hits="1" number="56"/>
						<line hits="1" number="57"/>
						<line hits="1" number="59"/>
						<line hits="1" number="60"/>
						<line hits="1" number="62"/>
						<line hits="1" number="65"/>
						<line hits="1" number="66"/>
						<line hits="1" number="67"/>
						<line hits="1" number="69"/>
						<line hits="1" number="71"/>
						<line hits="1" number="72"/>
						<line hits="1" number="73"/>
						<line hits="1" number="75"/>
						<line hits="1" number="78"/>
						<line hits="1" number="79"/>
						<line hits="1" number="81"/>
						<line hits="1" number="82"/>
						<line hits="1" number="83"/>
						<line hits="1" number="84"/>
						<line hits="1" number="85"/>
						<line hits="1" number="87"/>
						<line hits="1" number="88"/>
						<line hits="1" number="90"/>
						<line hits="1" number="91"/>
						<line hits="1" number="92"/>
						<line hits="1" number="93"/>
						<line hits="1" number="95"/>
						<line hits="0" number="96"/>
						<line hits="0" number="97"/>
						<line hits="0" number="99"/>
						<line hits="0" number="100"/>
						<line hits="1" number="103"/>
						<line hits="1" number="104"/>
						<line hits="1" number="106"/>
						<line hits="1" number="107"/>
						<line hits="1" number="109"/>
						<line hits="1" number="110"/>
						<line hits="1" number="111"/>
						<line hits="1" number="113"/>
						<line hits="1" number="114"/>
					</lines>
				</class>
			</classes>
		</package>
		<package branch-rate="0" complexity="0" line-rate="0.8904" name="sims.simple_migration">
			<classes>
				<class branch-rate="0" complexity="0" filename="sims/simple_migration/__init__.py" line-rate="1" name="__init__.py">
					<methods/>
					<lines/>
				</class>
				<class branch-rate="0" complexity="0" filename="sims/simple_migration/data_visualizer.py" line-rate="1" name="data_visualizer.py">
					<methods/>
					<lines/>
				</class>
				<class branch-rate="0" complexity="0" filename="sims/simple_migration/simple_migration.py" line-rate="0.8904" name="simple_migration.py">
					<methods/>
					<lines>
						<line hits="1" number="1"/>
						<line hits="1" number="3"/>
						<line hits="1" number="4"/>
						<line hits="1" number="5"/>
						<line hits="1" number="6"/>
						<line hits="1" number="7"/>
						<line hits="1" number="9"/>
						<line hits="1" number="11"/>
						<line hits="1" number="12"/>
						<line hits="1" number="15"/>
						<line hits="1" number="16"/>
						<line hits="1" number="18"/>
						<line hits="1" number="19"/>
						<line hits="1" number="20"/>
						<line hits="1" number="22"/>
						<line hits="1" number="23"/>
						<line hits="1" number="24"/>
						<line hits="1" number="26"/>
						<line hits="1" number="27"/>
						<line hits="1" number="29"/>
						<line hits="1" number="30"/>
						<line hits="1" number="31"/>
						<line hits="1" number="32"/>
						<line hits="1" number="34"/>
						<line hits="1" number="35"/>
						<line hits="1" number="40"/>
						<line hits="1" number="41"/>
						<line hits="1" number="42"/>
						<line hits="1" number="44"/>
						<line hits="1" number="46"/>
						<line hits="1" number="47"/>
						<line hits="1" number="48"/>
						<line hits="1" number="49"/>
						<line hits="1" number="51"/>
						<line hits="1" number="54"/>
						<line hits="1" number="55"/>
						<line hits="1" number="57"/>
						<line hits="1" number="60"/>
						<line hits="1" number="61"/>
						<line hits="1" number="62"/>
						<line hits="1" number="63"/>
						<line hits="1" number="64"/>
						<line hits="1" number="65"/>
						<line hits="1" number="67"/>
						<line hits="1" number="68"/>
						<line hits="1" number="69"/>
						<line hits="1" number="70"/>
						<line hits="1" number="74"/>
						<line hits="1" number="75"/>
						<line hits="1" number="77"/>
						<line hits="1" number="78"/>
						<line hits="1" number="79"/>
						<line hits="1" number="81"/>
						<line hits="1" number="83"/>
						<line hits="1" number="85"/>
						<line hits="0" number="86"/>
						<line hits="0" number="87"/>
						<line hits="0" number="89"/>
						<line hits="0" number="90"/>
						<line hits="0" number="92"/>
						<line hits="0" number="93"/>
						<line hits="0" number="95"/>
						<line hits="0" number="96"/>
						<line hits="1" number="99"/>
						<line hits="1" number="100"/>
						<line hits="1" number="102"/>
						<line hits="1" number="103"/>
						<line hits="1" number="105"/>
						<line hits="1" number="106"/>
						<line hits="1" number="107"/>
						<line hits="1" number="108"/>
						<line hits="1" number="110"/>
						<line hits="1" number="111"/>
					</lines>
				</class>
			</classes>
		</package>
		<package branch-rate="0" complexity="0" line-rate="1" name="tests">
			<classes>
				<class branch-rate="0" complexity="0" filename="tests/__init__.py" line-rate="1" name="__init__.py">
					<methods/>
					<lines/>
				</class>
				<class branch-rate="0" complexity="0" filename="tests/basic_test.py" line-rate="1" name="basic_test.py">
					<methods/>
					<lines>
						<line hits="1" number="1"/>
						<line hits="1" number="2"/>
					</lines>
				</class>
				<class branch-rate="0" complexity="0" filename="tests/sims_test.py" line-rate="1" name="sims_test.py">
					<methods/>
					<lines>
						<line hits="1" number="1"/>
						<line hits="1" number="2"/>
						<line hits="1" number="3"/>
						<line hits="1" number="4"/>
						<line hits="1" number="5"/>
						<line hits="1" number="8"/>
						<line hits="1" number="9"/>
						<line hits="1" number="12"/>
						<line hits="1" number="13"/>
						<line hits="1" number="16"/>
						<line hits="1" number="17"/>
						<line hits="1" number="20"/>
						<line hits="1" number="21"/>
						<line hits="1" number="24"/>
						<line hits="1" number="25"/>
					</lines>
				</class>
			</classes>
		</package>
	</packages>
</coverage>
